# JRE version: Java(TM) SE Runtime Environment (8.0_144-b01) (build 1.8.0_144-b01)
# Java VM: Java HotSpot(TM) Client VM (25.144-b01 mixed mode windows-x86 )
Heap:
 def new generation   total 157248K, used 153766K [0x05800000, 0x102a0000, 0x102a0000)
  eden space 139776K, 100% used [0x05800000, 0x0e080000, 0x0e080000)
  from space 17472K,  80% used [0x0e080000, 0x0ee29b78, 0x0f190000)
  to   space 17472K,   0% used [0x0f190000, 0x0f190000, 0x102a0000)
 tenured generation   total 349568K, used 349568K [0x102a0000, 0x25800000, 0x25800000)
   the space 349568K, 100% used [0x102a0000, 0x25800000, 0x25800000, 0x25800000)
 Metaspace       used 19604K, capacity 20089K, committed 20352K, reserved 20864K
GC Heap History (10 events):
Event: 16102.698 GC heap before
{Heap before GC invocations=135 (full 107):
 def new generation   total 157248K, used 157247K [0x05800000, 0x102a0000, 0x102a0000)
  eden space 139776K,  99% used [0x05800000, 0x0e07fff8, 0x0e080000)
  from space 17472K, 100% used [0x0e080000, 0x0f190000, 0x0f190000)
  to   space 17472K,   0% used [0x0f190000, 0x0f190000, 0x102a0000)
 tenured generation   total 349568K, used 349568K [0x102a0000, 0x25800000, 0x25800000)
   the space 349568K, 100% used [0x102a0000, 0x25800000, 0x25800000, 0x25800000)
 Metaspace       used 19604K, capacity 20089K, committed 20352K, reserved 20864K
Event: 16103.261 GC heap after
Heap after GC invocations=136 (full 108):
 def new generation   total 157248K, used 157247K [0x05800000, 0x102a0000, 0x102a0000)
  eden space 139776K,  99% used [0x05800000, 0x0e07fff8, 0x0e080000)
  from space 17472K, 100% used [0x0e080000, 0x0f190000, 0x0f190000)
  to   space 17472K,   0% used [0x0f190000, 0x0f190000, 0x102a0000)
 tenured generation   total 349568K, used 349568K [0x102a0000, 0x25800000, 0x25800000)
   the space 349568K, 100% used [0x102a0000, 0x25800000, 0x25800000, 0x25800000)
 Metaspace       used 19604K, capacity 20089K, committed 20352K, reserved 20864K
}
Event: 16103.261 GC heap before
{Heap before GC invocations=136 (full 108):
 def new generation   total 157248K, used 157247K [0x05800000, 0x102a0000, 0x102a0000)
  eden space 139776K,  99% used [0x05800000, 0x0e07fff8, 0x0e080000)
  from space 17472K, 100% used [0x0e080000, 0x0f190000, 0x0f190000)
  to   space 17472K,   0% used [0x0f190000, 0x0f190000, 0x102a0000)
 tenured generation   total 349568K, used 349568K [0x102a0000, 0x25800000, 0x25800000)
   the space 349568K, 100% used [0x102a0000, 0x25800000, 0x25800000, 0x25800000)
 Metaspace       used 19604K, capacity 20089K, committed 20352K, reserved 20864K
Event: 16103.824 GC heap after
Heap after GC invocations=137 (full 109):
 def new generation   total 157248K, used 157247K [0x05800000, 0x102a0000, 0x102a0000)
  eden space 139776K,  99% used [0x05800000, 0x0e07fff8, 0x0e080000)
  from space 17472K, 100% used [0x0e080000, 0x0f190000, 0x0f190000)
  to   space 17472K,   0% used [0x0f190000, 0x0f190000, 0x102a0000)
 tenured generation   total 349568K, used 349568K [0x102a0000, 0x25800000, 0x25800000)
   the space 349568K, 100% used [0x102a0000, 0x25800000, 0x25800000, 0x25800000)
 Metaspace       used 19604K, capacity 20089K, committed 20352K, reserved 20864K
}
Event: 16103.825 GC heap before
{Heap before GC invocations=137 (full 109):
 def new generation   total 157248K, used 157247K [0x05800000, 0x102a0000, 0x102a0000)
  eden space 139776K,  99% used [0x05800000, 0x0e07fff8, 0x0e080000)
  from space 17472K, 100% used [0x0e080000, 0x0f190000, 0x0f190000)
  to   space 17472K,   0% used [0x0f190000, 0x0f190000, 0x102a0000)
 tenured generation   total 349568K, used 349568K [0x102a0000, 0x25800000, 0x25800000)
   the space 349568K, 100% used [0x102a0000, 0x25800000, 0x25800000, 0x25800000)
 Metaspace       used 19604K, capacity 20089K, committed 20352K, reserved 20864K
Event: 16104.396 GC heap after
Heap after GC invocations=138 (full 110):
 def new generation   total 157248K, used 157247K [0x05800000, 0x102a0000, 0x102a0000)
  eden space 139776K,  99% used [0x05800000, 0x0e07fff8, 0x0e080000)
  from space 17472K, 100% used [0x0e080000, 0x0f190000, 0x0f190000)
  to   space 17472K,   0% used [0x0f190000, 0x0f190000, 0x102a0000)
 tenured generation   total 349568K, used 349568K [0x102a0000, 0x25800000, 0x25800000)
   the space 349568K, 100% used [0x102a0000, 0x25800000, 0x25800000, 0x25800000)
 Metaspace       used 19604K, capacity 20089K, committed 20352K, reserved 20864K
}
Event: 16104.396 GC heap before
{Heap before GC invocations=138 (full 110):
 def new generation   total 157248K, used 157247K [0x05800000, 0x102a0000, 0x102a0000)
  eden space 139776K,  99% used [0x05800000, 0x0e07fff8, 0x0e080000)
  from space 17472K, 100% used [0x0e080000, 0x0f190000, 0x0f190000)
  to   space 17472K,   0% used [0x0f190000, 0x0f190000, 0x102a0000)
 tenured generation   total 349568K, used 349568K [0x102a0000, 0x25800000, 0x25800000)
   the space 349568K, 100% used [0x102a0000, 0x25800000, 0x25800000, 0x25800000)
 Metaspace       used 19604K, capacity 20089K, committed 20352K, reserved 20864K
Event: 16104.955 GC heap after
Heap after GC invocations=139 (full 111):
 def new generation   total 157248K, used 157247K [0x05800000, 0x102a0000, 0x102a0000)
  eden space 139776K,  99% used [0x05800000, 0x0e07fff8, 0x0e080000)
  from space 17472K, 100% used [0x0e080000, 0x0f190000, 0x0f190000)
  to   space 17472K,   0% used [0x0f190000, 0x0f190000, 0x102a0000)
 tenured generation   total 349568K, used 349568K [0x102a0000, 0x25800000, 0x25800000)
   the space 349568K, 100% used [0x102a0000, 0x25800000, 0x25800000, 0x25800000)
 Metaspace       used 19604K, capacity 20089K, committed 20352K, reserved 20864K
}
Event: 16104.955 GC heap before
{Heap before GC invocations=139 (full 111):
 def new generation   total 157248K, used 157247K [0x05800000, 0x102a0000, 0x102a0000)
  eden space 139776K,  99% used [0x05800000, 0x0e07fff8, 0x0e080000)
  from space 17472K, 100% used [0x0e080000, 0x0f190000, 0x0f190000)
  to   space 17472K,   0% used [0x0f190000, 0x0f190000, 0x102a0000)
 tenured generation   total 349568K, used 349568K [0x102a0000, 0x25800000, 0x25800000)
   the space 349568K, 100% used [0x102a0000, 0x25800000, 0x25800000, 0x25800000)
 Metaspace       used 19604K, capacity 20089K, committed 20352K, reserved 20864K
Event: 16105.693 GC heap after
Heap after GC invocations=140 (full 112):
 def new generation   total 157248K, used 152793K [0x05800000, 0x102a0000, 0x102a0000)
  eden space 139776K,  99% used [0x05800000, 0x0dfaec50, 0x0e080000)
  from space 17472K,  79% used [0x0e080000, 0x0ee077d0, 0x0f190000)
  to   space 17472K,   0% used [0x0f190000, 0x0f190000, 0x102a0000)
 tenured generation   total 349568K, used 349568K [0x102a0000, 0x25800000, 0x25800000)
   the space 349568K, 100% used [0x102a0000, 0x25800000, 0x25800000, 0x25800000)
 Metaspace       used 19604K, capacity 20089K, committed 20352K, reserved 20864K
}

